  Menu.cpp
C:\Users\famoyouz\source\repos\SMFL_LODE_RUNNER\SMFL_LODE_RUNNER\Pole.h(65,32): warning C4244: аргумент: преобразование "int" в "float", возможна потеря данных
C:\Users\famoyouz\source\repos\SMFL_LODE_RUNNER\SMFL_LODE_RUNNER\Pole.h(65,24): warning C4244: аргумент: преобразование "int" в "float", возможна потеря данных
C:\Users\famoyouz\source\repos\SMFL_LODE_RUNNER\SMFL_LODE_RUNNER\Pole.h(70,35): warning C4244: аргумент: преобразование "int" в "float", возможна потеря данных
C:\Users\famoyouz\source\repos\SMFL_LODE_RUNNER\SMFL_LODE_RUNNER\Pole.h(70,27): warning C4244: аргумент: преобразование "int" в "float", возможна потеря данных
C:\Users\famoyouz\source\repos\SMFL_LODE_RUNNER\SMFL_LODE_RUNNER\Pole.h(75,34): warning C4244: аргумент: преобразование "int" в "float", возможна потеря данных
C:\Users\famoyouz\source\repos\SMFL_LODE_RUNNER\SMFL_LODE_RUNNER\Pole.h(75,26): warning C4244: аргумент: преобразование "int" в "float", возможна потеря данных
C:\Users\famoyouz\source\repos\SMFL_LODE_RUNNER\SMFL_LODE_RUNNER\Pole.h(80,35): warning C4244: аргумент: преобразование "int" в "float", возможна потеря данных
C:\Users\famoyouz\source\repos\SMFL_LODE_RUNNER\SMFL_LODE_RUNNER\Pole.h(80,27): warning C4244: аргумент: преобразование "int" в "float", возможна потеря данных
C:\Users\famoyouz\source\repos\SMFL_LODE_RUNNER\SMFL_LODE_RUNNER\Pole.h(87,35): warning C4244: аргумент: преобразование "int" в "float", возможна потеря данных
C:\Users\famoyouz\source\repos\SMFL_LODE_RUNNER\SMFL_LODE_RUNNER\Pole.h(87,27): warning C4244: аргумент: преобразование "int" в "float", возможна потеря данных
C:\Users\famoyouz\source\repos\SMFL_LODE_RUNNER\SMFL_LODE_RUNNER\Pole.h(92,34): warning C4244: аргумент: преобразование "int" в "float", возможна потеря данных
C:\Users\famoyouz\source\repos\SMFL_LODE_RUNNER\SMFL_LODE_RUNNER\Pole.h(92,26): warning C4244: аргумент: преобразование "int" в "float", возможна потеря данных
C:\Users\famoyouz\source\repos\SMFL_LODE_RUNNER\SMFL_LODE_RUNNER\Pole.h(97,36): warning C4244: аргумент: преобразование "int" в "float", возможна потеря данных
C:\Users\famoyouz\source\repos\SMFL_LODE_RUNNER\SMFL_LODE_RUNNER\Pole.h(97,24): warning C4244: аргумент: преобразование "int" в "float", возможна потеря данных
C:\Users\famoyouz\source\repos\SMFL_LODE_RUNNER\SMFL_LODE_RUNNER\Menu.cpp(50,45): warning C4244: аргумент: преобразование "double" в "T", возможна потеря данных
C:\Users\famoyouz\source\repos\SMFL_LODE_RUNNER\SMFL_LODE_RUNNER\Menu.cpp(50,45): warning C4244:         with
C:\Users\famoyouz\source\repos\SMFL_LODE_RUNNER\SMFL_LODE_RUNNER\Menu.cpp(50,45): warning C4244:         [
C:\Users\famoyouz\source\repos\SMFL_LODE_RUNNER\SMFL_LODE_RUNNER\Menu.cpp(50,45): warning C4244:             T=float
C:\Users\famoyouz\source\repos\SMFL_LODE_RUNNER\SMFL_LODE_RUNNER\Menu.cpp(50,45): warning C4244:         ]
C:\Users\famoyouz\source\repos\SMFL_LODE_RUNNER\SMFL_LODE_RUNNER\Menu.cpp(55,45): warning C4244: аргумент: преобразование "double" в "T", возможна потеря данных
C:\Users\famoyouz\source\repos\SMFL_LODE_RUNNER\SMFL_LODE_RUNNER\Menu.cpp(55,45): warning C4244:         with
C:\Users\famoyouz\source\repos\SMFL_LODE_RUNNER\SMFL_LODE_RUNNER\Menu.cpp(55,45): warning C4244:         [
C:\Users\famoyouz\source\repos\SMFL_LODE_RUNNER\SMFL_LODE_RUNNER\Menu.cpp(55,45): warning C4244:             T=float
C:\Users\famoyouz\source\repos\SMFL_LODE_RUNNER\SMFL_LODE_RUNNER\Menu.cpp(55,45): warning C4244:         ]
C:\Users\famoyouz\source\repos\SMFL_LODE_RUNNER\SMFL_LODE_RUNNER\Menu.cpp(60,88): warning C4244: аргумент: преобразование "double" в "T", возможна потеря данных
C:\Users\famoyouz\source\repos\SMFL_LODE_RUNNER\SMFL_LODE_RUNNER\Menu.cpp(60,88): warning C4244:         with
C:\Users\famoyouz\source\repos\SMFL_LODE_RUNNER\SMFL_LODE_RUNNER\Menu.cpp(60,88): warning C4244:         [
C:\Users\famoyouz\source\repos\SMFL_LODE_RUNNER\SMFL_LODE_RUNNER\Menu.cpp(60,88): warning C4244:             T=float
C:\Users\famoyouz\source\repos\SMFL_LODE_RUNNER\SMFL_LODE_RUNNER\Menu.cpp(60,88): warning C4244:         ]
C:\Users\famoyouz\source\repos\SMFL_LODE_RUNNER\SMFL_LODE_RUNNER\Menu.cpp(60,45): warning C4244: аргумент: преобразование "double" в "T", возможна потеря данных
C:\Users\famoyouz\source\repos\SMFL_LODE_RUNNER\SMFL_LODE_RUNNER\Menu.cpp(60,45): warning C4244:         with
C:\Users\famoyouz\source\repos\SMFL_LODE_RUNNER\SMFL_LODE_RUNNER\Menu.cpp(60,45): warning C4244:         [
C:\Users\famoyouz\source\repos\SMFL_LODE_RUNNER\SMFL_LODE_RUNNER\Menu.cpp(60,45): warning C4244:             T=float
C:\Users\famoyouz\source\repos\SMFL_LODE_RUNNER\SMFL_LODE_RUNNER\Menu.cpp(60,45): warning C4244:         ]
C:\Users\famoyouz\source\repos\SMFL_LODE_RUNNER\SMFL_LODE_RUNNER\Menu.cpp(65,45): warning C4244: аргумент: преобразование "double" в "T", возможна потеря данных
C:\Users\famoyouz\source\repos\SMFL_LODE_RUNNER\SMFL_LODE_RUNNER\Menu.cpp(65,45): warning C4244:         with
C:\Users\famoyouz\source\repos\SMFL_LODE_RUNNER\SMFL_LODE_RUNNER\Menu.cpp(65,45): warning C4244:         [
C:\Users\famoyouz\source\repos\SMFL_LODE_RUNNER\SMFL_LODE_RUNNER\Menu.cpp(65,45): warning C4244:             T=float
C:\Users\famoyouz\source\repos\SMFL_LODE_RUNNER\SMFL_LODE_RUNNER\Menu.cpp(65,45): warning C4244:         ]
C:\Users\famoyouz\source\repos\SMFL_LODE_RUNNER\SMFL_LODE_RUNNER\Menu.cpp(70,88): warning C4244: аргумент: преобразование "double" в "T", возможна потеря данных
C:\Users\famoyouz\source\repos\SMFL_LODE_RUNNER\SMFL_LODE_RUNNER\Menu.cpp(70,88): warning C4244:         with
C:\Users\famoyouz\source\repos\SMFL_LODE_RUNNER\SMFL_LODE_RUNNER\Menu.cpp(70,88): warning C4244:         [
C:\Users\famoyouz\source\repos\SMFL_LODE_RUNNER\SMFL_LODE_RUNNER\Menu.cpp(70,88): warning C4244:             T=float
C:\Users\famoyouz\source\repos\SMFL_LODE_RUNNER\SMFL_LODE_RUNNER\Menu.cpp(70,88): warning C4244:         ]
C:\Users\famoyouz\source\repos\SMFL_LODE_RUNNER\SMFL_LODE_RUNNER\Menu.cpp(70,45): warning C4244: аргумент: преобразование "double" в "T", возможна потеря данных
C:\Users\famoyouz\source\repos\SMFL_LODE_RUNNER\SMFL_LODE_RUNNER\Menu.cpp(70,45): warning C4244:         with
C:\Users\famoyouz\source\repos\SMFL_LODE_RUNNER\SMFL_LODE_RUNNER\Menu.cpp(70,45): warning C4244:         [
C:\Users\famoyouz\source\repos\SMFL_LODE_RUNNER\SMFL_LODE_RUNNER\Menu.cpp(70,45): warning C4244:             T=float
C:\Users\famoyouz\source\repos\SMFL_LODE_RUNNER\SMFL_LODE_RUNNER\Menu.cpp(70,45): warning C4244:         ]
C:\Users\famoyouz\source\repos\SMFL_LODE_RUNNER\SMFL_LODE_RUNNER\Menu.cpp(107,59): warning C4305: аргумент: усечение из "double" в "T"
C:\Users\famoyouz\source\repos\SMFL_LODE_RUNNER\SMFL_LODE_RUNNER\Menu.cpp(107,59): warning C4305:         with
C:\Users\famoyouz\source\repos\SMFL_LODE_RUNNER\SMFL_LODE_RUNNER\Menu.cpp(107,59): warning C4305:         [
C:\Users\famoyouz\source\repos\SMFL_LODE_RUNNER\SMFL_LODE_RUNNER\Menu.cpp(107,59): warning C4305:             T=float
C:\Users\famoyouz\source\repos\SMFL_LODE_RUNNER\SMFL_LODE_RUNNER\Menu.cpp(107,59): warning C4305:         ]
C:\Users\famoyouz\source\repos\SMFL_LODE_RUNNER\SMFL_LODE_RUNNER\Menu.cpp(167,60): warning C4244: аргумент: преобразование "T" в "float", возможна потеря данных
C:\Users\famoyouz\source\repos\SMFL_LODE_RUNNER\SMFL_LODE_RUNNER\Menu.cpp(167,60): warning C4244:         with
C:\Users\famoyouz\source\repos\SMFL_LODE_RUNNER\SMFL_LODE_RUNNER\Menu.cpp(167,60): warning C4244:         [
C:\Users\famoyouz\source\repos\SMFL_LODE_RUNNER\SMFL_LODE_RUNNER\Menu.cpp(167,60): warning C4244:             T=unsigned int
C:\Users\famoyouz\source\repos\SMFL_LODE_RUNNER\SMFL_LODE_RUNNER\Menu.cpp(167,60): warning C4244:         ]
C:\Users\famoyouz\source\repos\SMFL_LODE_RUNNER\SMFL_LODE_RUNNER\Menu.cpp(167,40): warning C4244: аргумент: преобразование "T" в "float", возможна потеря данных
C:\Users\famoyouz\source\repos\SMFL_LODE_RUNNER\SMFL_LODE_RUNNER\Menu.cpp(167,40): warning C4244:         with
C:\Users\famoyouz\source\repos\SMFL_LODE_RUNNER\SMFL_LODE_RUNNER\Menu.cpp(167,40): warning C4244:         [
C:\Users\famoyouz\source\repos\SMFL_LODE_RUNNER\SMFL_LODE_RUNNER\Menu.cpp(167,40): warning C4244:             T=unsigned int
C:\Users\famoyouz\source\repos\SMFL_LODE_RUNNER\SMFL_LODE_RUNNER\Menu.cpp(167,40): warning C4244:         ]
C:\Users\famoyouz\source\repos\SMFL_LODE_RUNNER\SMFL_LODE_RUNNER\Menu.cpp(183,94): warning C4806: ==: небезопасная операция: значение типа "bool", приведенное к типу "sf::Keyboard::Key", не может равняться данной константе
C:\Users\famoyouz\source\repos\SMFL_LODE_RUNNER\SMFL_LODE_RUNNER\Menu.cpp(263,21): warning C4018: <: несоответствие типов со знаком и без знака
C:\Users\famoyouz\source\repos\SMFL_LODE_RUNNER\SMFL_LODE_RUNNER\Menu.cpp(309,46): warning C4244: аргумент: преобразование "int" в "T", возможна потеря данных
C:\Users\famoyouz\source\repos\SMFL_LODE_RUNNER\SMFL_LODE_RUNNER\Menu.cpp(309,46): warning C4244:         with
C:\Users\famoyouz\source\repos\SMFL_LODE_RUNNER\SMFL_LODE_RUNNER\Menu.cpp(309,46): warning C4244:         [
C:\Users\famoyouz\source\repos\SMFL_LODE_RUNNER\SMFL_LODE_RUNNER\Menu.cpp(309,46): warning C4244:             T=float
C:\Users\famoyouz\source\repos\SMFL_LODE_RUNNER\SMFL_LODE_RUNNER\Menu.cpp(309,46): warning C4244:         ]
C:\Users\famoyouz\source\repos\SMFL_LODE_RUNNER\SMFL_LODE_RUNNER\Menu.cpp(373,11): warning C4244: инициализация: преобразование "float" в "int", возможна потеря данных
  SMFL_LODE_RUNNER.vcxproj -> C:\Users\famoyouz\source\repos\SMFL_LODE_RUNNER\Debug\SMFL_LODE_RUNNER.exe
